This file contains any messages produced by compilers while
running configure, to aid debugging if configure makes a mistake.

It was created by LLVM configure 3.4svn, which was
generated by GNU Autoconf 2.60.  Invocation command line was

  $ ../configure --enable-optimized --disable-jit --disable-threads --disable-pthreads

## --------- ##
## Platform. ##
## --------- ##

hostname = ip-172-31-52-190
uname -m = x86_64
uname -r = 3.14.33-26.47.amzn1.x86_64
uname -s = Linux
uname -v = #1 SMP Wed Feb 11 22:39:25 UTC 2015

/usr/bin/uname -p = unknown
/bin/uname -X     = unknown

/bin/arch              = x86_64
/usr/bin/arch -k       = unknown
/usr/convex/getsysinfo = unknown
/usr/bin/hostinfo      = unknown
/bin/machine           = unknown
/usr/bin/oslevel       = unknown
/bin/universe          = unknown

PATH: /usr/local/bin
PATH: /bin
PATH: /usr/bin
PATH: /usr/local/sbin
PATH: /usr/sbin
PATH: /sbin
PATH: /opt/aws/bin
PATH: /home/ec2-user/bin
PATH: /opt/python2.7/bin
PATH: /mnt/home/ec2-user/build/emscripten


## ----------- ##
## Core tests. ##
## ----------- ##

configure:2115: checking for C compiler version
configure:2122: /mnt/home/ec2-user/build/emscripten/emcc --version >&5
emcc (Emscripten GCC-like replacement) 1.29.0 (commit fdf24b478e1b26c0362a1627aca49ef82fd53f6a)
Copyright (C) 2014 the Emscripten authors (see AUTHORS.txt)
This is free and open source software under the MIT license.
There is NO warranty; not even for MERCHANTABILITY or FITNESS FOR A PARTICULAR PURPOSE.
  
configure:2125: $? = 0
configure:2132: /mnt/home/ec2-user/build/emscripten/emcc -v >&5
clang version 3.4 (https://github.com/kripken/emscripten-fastcomp-clang 9c1cbcbffe07e4df61d0ded3cf0ad03f2d5c810d) (https://github.com/kripken/emscripten-fastcomp 49ddcf56abaec79502ac50672d65795f0f87b5d5)
Target: x86_64-unknown-linux-gnu
Thread model: posix
Selected GCC installation: 
INFO     root: [32m(Emscripten: Running sanity checks)[0m
emcc (Emscripten GCC-like replacement + linker emulating GNU ld ) 1.29.0
configure:2135: $? = 0
configure:2142: /mnt/home/ec2-user/build/emscripten/emcc -V >&5
clang: error: unsupported option '-V -nostdinc'
clang: error: no input files
configure:2145: $? = 1
configure:2168: checking for C compiler default output file name
configure:2195: /mnt/home/ec2-user/build/emscripten/emcc    conftest.c  >&5
/usr/bin/ld: cannot find crtbegin.o: No such file or directory
/usr/bin/ld: cannot find -lgcc
/usr/bin/ld: cannot find -lgcc_s
clang: error: linker command failed with exit code 1 (use -v to see invocation)
configure:2198: $? = 1
configure: failed program was:
| /* confdefs.h.  */
| #define PACKAGE_NAME "LLVM"
| #define PACKAGE_TARNAME "llvm"
| #define PACKAGE_VERSION "3.4svn"
| #define PACKAGE_STRING "LLVM 3.4svn"
| #define PACKAGE_BUGREPORT "http://llvm.org/bugs/"
| #define LLVM_VERSION_MAJOR 3
| #define LLVM_VERSION_MINOR 4
| /* end confdefs.h.  */
| 
| int
| main ()
| {
| 
|   ;
|   return 0;
| }
configure:2237: error: C compiler cannot create executables
See `config.log' for more details.

## ---------------- ##
## Cache variables. ##
## ---------------- ##

ac_cv_env_CCC_set=
ac_cv_env_CCC_value=
ac_cv_env_CC_set=set
ac_cv_env_CC_value=/mnt/home/ec2-user/build/emscripten/emcc
ac_cv_env_CFLAGS_set=set
ac_cv_env_CFLAGS_value=
ac_cv_env_CPPFLAGS_set=
ac_cv_env_CPPFLAGS_value=
ac_cv_env_CPP_set=
ac_cv_env_CPP_value=
ac_cv_env_CXXCPP_set=
ac_cv_env_CXXCPP_value=
ac_cv_env_CXXFLAGS_set=
ac_cv_env_CXXFLAGS_value=
ac_cv_env_CXX_set=set
ac_cv_env_CXX_value=/mnt/home/ec2-user/build/emscripten/em++
ac_cv_env_LDFLAGS_set=
ac_cv_env_LDFLAGS_value=
ac_cv_env_build_alias_set=
ac_cv_env_build_alias_value=
ac_cv_env_host_alias_set=
ac_cv_env_host_alias_value=
ac_cv_env_target_alias_set=
ac_cv_env_target_alias_value=

## ----------------- ##
## Output variables. ##
## ----------------- ##

ALL_BINDINGS=''
AR='/mnt/home/ec2-user/build/emscripten/emar'
ARCH=''
BINDINGS_TO_BUILD=''
BINPWD=''
BINUTILS_INCDIR=''
BUILD_CC=''
BUILD_CXX=''
BUILD_EXEEXT=''
BZIP2=''
CAT=''
CC='/mnt/home/ec2-user/build/emscripten/emcc'
CFLAGS=''
CIRCO=''
CLANG_SRC_ROOT=''
CMP=''
CONVENIENCE_LTDL_FALSE=''
CONVENIENCE_LTDL_TRUE=''
COVERED_SWITCH_DEFAULT=''
CP=''
CPP=''
CPPFLAGS=''
CVSBUILD=''
CXX='/mnt/home/ec2-user/build/emscripten/em++'
CXXCPP=''
CXXFLAGS=''
DATE=''
DEBUG_RUNTIME=''
DEBUG_SYMBOLS=''
DEFS=''
DISABLE_ASSERTIONS=''
DOT=''
DOTTY=''
DOXYGEN=''
ECHO_C=''
ECHO_N='-n'
ECHO_T=''
EGREP=''
ENABLE_CLANG_ARCMT=''
ENABLE_CLANG_REWRITER=''
ENABLE_CLANG_STATIC_ANALYZER=''
ENABLE_CXX11=''
ENABLE_DOCS=''
ENABLE_DOXYGEN=''
ENABLE_EMBED_STDCXX=''
ENABLE_EXPENSIVE_CHECKS=''
ENABLE_LIBCPP=''
ENABLE_OPTIMIZED=''
ENABLE_PIC=''
ENABLE_POLLY=''
ENABLE_PROFILING=''
ENABLE_PTHREADS=''
ENABLE_SHARED=''
ENABLE_SPLIT_DWARF=''
ENABLE_TIMESTAMPS=''
ENABLE_VISIBILITY_INLINES_HIDDEN=''
ENABLE_WERROR=''
ENDIAN=''
EXEEXT=''
EXPENSIVE_CHECKS=''
EXTRA_LD_OPTIONS=''
EXTRA_OPTIONS=''
FDP=''
FIND=''
GAS=''
GRAPHVIZ=''
GREP=''
GROFF=''
GV=''
GZIPBIN=''
HAVE_LIBZ=''
HAVE_LINK_VERSION_SCRIPT=''
HAVE_PTHREAD=''
HOST_ARCH=''
HOST_OS=''
HUGE_VAL_SANITY=''
INSTALL_DATA=''
INSTALL_LTDL_FALSE=''
INSTALL_LTDL_TRUE=''
INSTALL_PROGRAM=''
INSTALL_SCRIPT=''
INTERNAL_PREFIX=''
JIT=''
KEEP_SYMBOLS=''
LDFLAGS=''
LIBADD_DL=''
LIBOBJS=''
LIBS=''
LIBXML2_INC=''
LIBXML2_LIBS=''
LINKALL=''
LLVM_BINDIR=''
LLVM_CONFIGTIME=''
LLVM_COPYRIGHT='Copyright (c) 2003-2013 University of Illinois at Urbana-Champaign.'
LLVM_CROSS_COMPILING=''
LLVM_DATADIR=''
LLVM_DOCSDIR=''
LLVM_ENABLE_THREADS=''
LLVM_ENABLE_ZLIB=''
LLVM_ENUM_ASM_PARSERS=''
LLVM_ENUM_ASM_PRINTERS=''
LLVM_ENUM_DISASSEMBLERS=''
LLVM_ENUM_TARGETS=''
LLVM_ETCDIR=''
LLVM_HAS_POLLY=''
LLVM_INCLUDEDIR=''
LLVM_INFODIR=''
LLVM_MANDIR=''
LLVM_ON_UNIX=''
LLVM_ON_WIN32=''
LLVM_PREFIX=''
LN_S=''
LTLIBOBJS=''
MKDIR=''
MMAP_FILE=''
MV=''
NEATO=''
NM=''
NOLINKALL=''
NO_MAYBE_UNINITIALIZED=''
NO_MISSING_FIELD_INITIALIZERS=''
NO_UNINITIALIZED=''
NO_VARIADIC_MACROS=''
OBJEXT=''
OCAMLC=''
OCAMLDEP=''
OCAMLDOC=''
OCAMLOPT=''
OCAML_LIBDIR=''
OPTIMIZE_OPTION=''
OS=''
PACKAGE_BUGREPORT='http://llvm.org/bugs/'
PACKAGE_NAME='LLVM'
PACKAGE_STRING='LLVM 3.4svn'
PACKAGE_TARNAME='llvm'
PACKAGE_VERSION='3.4svn'
PATH_SEPARATOR=':'
PDFROFF=''
PYTHON=''
RANLIB='/mnt/home/ec2-user/build/emscripten/emranlib'
RDYNAMIC=''
RM=''
RPATH=''
SED=''
SHELL='/bin/sh'
SHLIBEXT=''
SHLIBPATH_VAR=''
TAR=''
TARGETS_TO_BUILD=''
TARGET_HAS_JIT=''
TARGET_OS=''
TWOPI=''
USE_INTEL_JITEVENTS=''
USE_OPROFILE=''
USE_UDIS86=''
XDOT=''
XML2CONFIG=''
ZIP=''
ac_ct_CC=''
ac_ct_CXX=''
bindir='${exec_prefix}/bin'
build=''
build_alias=''
build_cpu=''
build_os=''
build_vendor=''
datadir='${datarootdir}'
datarootdir='${prefix}/share'
docdir='${datarootdir}/doc/${PACKAGE_TARNAME}'
dvidir='${docdir}'
exec_prefix='NONE'
host=''
host_alias=''
host_cpu=''
host_os=''
host_vendor=''
htmldir='${docdir}'
ifGNUmake=''
includedir='${prefix}/include'
infodir='${datarootdir}/info'
libdir='${exec_prefix}/lib'
libexecdir='${exec_prefix}/libexec'
localedir='${datarootdir}/locale'
localstatedir='${prefix}/var'
mandir='${datarootdir}/man'
oldincludedir='/usr/include'
pdfdir='${docdir}'
prefix='NONE'
program_prefix='NONE'
program_transform_name='s,x,x,'
psdir='${docdir}'
sbindir='${exec_prefix}/sbin'
sharedstatedir='${prefix}/com'
subdirs=''
sysconfdir='${prefix}/etc'
target=''
target_alias=''
target_cpu=''
target_os=''
target_vendor=''

## ----------- ##
## confdefs.h. ##
## ----------- ##

#define PACKAGE_NAME "LLVM"
#define PACKAGE_TARNAME "llvm"
#define PACKAGE_VERSION "3.4svn"
#define PACKAGE_STRING "LLVM 3.4svn"
#define PACKAGE_BUGREPORT "http://llvm.org/bugs/"
#define LLVM_VERSION_MAJOR 3
#define LLVM_VERSION_MINOR 4

configure: exit 77
